<?xml version="1.0" encoding="UTF-8"?>
<!-- Generated by org.testng.reporters.JUnitReportReporter -->
<testsuite hostname="DESKTOP-ANV4U0E" name="com.acti.base.DriverScript" tests="1" failures="0" timestamp="30 Jul 2020 16:28:12 GMT" time="8.099" errors="0">
  <testcase name="initBrowser" time="8.099" classname="com.acti.base.DriverScript"/>
</testsuite> <!-- com.acti.base.DriverScript -->
